Arguments: 
  C:\Program Files\nodejs\node.exe C:\Users\vladi\AppData\Roaming\npm\node_modules\yarn\bin\yarn.js

PATH: 
  C:\Python\Python310\Scripts\;C:\Python\Python310\;C:\Program Files\NVIDIA GPU Computing Toolkit\CUDA\v11.2\bin;C:\Program Files\NVIDIA GPU Computing Toolkit\CUDA\v11.2\libnvvp;C:\Windows\system32;C:\Windows;C:\Windows\System32\Wbem;C:\Windows\System32\WindowsPowerShell\v1.0\;C:\Windows\System32\OpenSSH\;C:\Program Files (x86)\NVIDIA Corporation\PhysX\Common;C:\Program Files\NVIDIA Corporation\NVIDIA NvDLISR;C:\Program Files\dotnet\;C:\Program Files\Git\cmd;C:\Program Files\Git\mingw64\bin;C:\Program Files\Git\usr\bin;C:\Program Files\NVIDIA Corporation\Nsight Compute 2020.3.1\;C:\Program Files\NVIDIA GPU Computing Toolkit\CUDA\v11.2\bin;C:\Program Files\PuTTY\;C:\Program Files (x86)\Microsoft SQL Server\160\DTS\Binn\;C:\Program Files\Azure Data Studio\bin;C:\Program Files\Tesseract-OCR;C:\Users\vladi\AppData\Roaming\nvm;C:\Program Files\nodejs;C:\Users\vladi\scoop\shims;C:\Users\vladi\AppData\Local\Programs\Python\Python39\Scripts\;C:\Users\vladi\AppData\Local\Programs\Python\Python39\;C:\Users\vladi\AppData\Local\Microsoft\WindowsApps;C:\Users\vladi\.dotnet\tools;C:\Users\vladi\AppData\Local\Programs\Microsoft VS Code\bin;C:\Users\vladi\AppData\Roaming\npm;C:\Users\vladi\AppData\Local\GitHubDesktop\bin;C:\Program Files\Azure Data Studio\bin;C:\Users\vladi\AppData\Roaming\nvm;C:\Program Files\nodejs

Yarn version: 
  1.22.18

Node version: 
  18.19.0

Platform: 
  win32 x64

Trace: 
  Error: EPERM: operation not permitted, unlink 'D:\SvelteKit\RepeatRemindGame\node_modules\@rollup\rollup-win32-x64-msvc\rollup.win32-x64-msvc.node'

npm manifest: 
  {
    "name": "repeatremindgame",
    "version": "0.0.1",
    "private": true,
    "scripts": {
      "start": "vite dev",
      "build": "vite build",
      "preview": "vite preview",
      "check": "svelte-kit sync && svelte-check --tsconfig ./tsconfig.json",
      "check:watch": "svelte-kit sync && svelte-check --tsconfig ./tsconfig.json --watch",
      "lint": "prettier --check . && eslint .",
      "format": "prettier --write .",
      "link": "supabase link --project-ref rmkjvfrfwhabloetjzsd",
      "gen-types": "supabase gen types typescript --project-id rmkjvfrfwhabloetjzsd > src/lib/types/supabase/generated.ts"
    },
    "devDependencies": {
      "@skeletonlabs/skeleton": "2.7.1",
      "@skeletonlabs/tw-plugin": "0.3.1",
      "@sveltejs/adapter-auto": "^3.0.0",
      "@sveltejs/adapter-netlify": "^4.1.0",
      "@sveltejs/kit": "^2.0.0",
      "@sveltejs/vite-plugin-svelte": "^3.0.0",
      "@tailwindcss/forms": "0.5.7",
      "@tailwindcss/typography": "0.5.10",
      "@types/eslint": "8.56.0",
      "@types/node": "20.11.6",
      "@typescript-eslint/eslint-plugin": "^6.0.0",
      "@typescript-eslint/parser": "^6.0.0",
      "autoprefixer": "10.4.17",
      "eslint": "^8.56.0",
      "eslint-config-prettier": "^9.1.0",
      "eslint-plugin-svelte": "^2.35.1",
      "postcss": "8.4.33",
      "prettier": "^3.1.1",
      "prettier-plugin-svelte": "^3.1.2",
      "svelte": "^4.2.7",
      "svelte-check": "^3.6.0",
      "tailwindcss": "3.4.1",
      "tslib": "^2.4.1",
      "typescript": "^5.0.0",
      "vite": "^5.0.3",
      "vite-plugin-tailwind-purgecss": "0.2.0"
    },
    "type": "module",
    "dependencies": {
      "@floating-ui/dom": "1.5.4",
      "@supabase/supabase-js": "^2.39.3",
      "highlight.js": "11.9.0",
      "@supabase/ssr": "0.0.10"
    }
  }

yarn manifest: 
  No manifest

Lockfile: 
  No lockfile
